<?xml version="1.0" encoding="UTF-8"?>
<!-- Generated by org.testng.reporters.JUnitReportReporter -->
<testsuite hostname="LAPTOP-753UP493" failures="0" tests="3" name="rahulshettyacademy.tests.ErrorValidations" time="41.325" errors="0" timestamp="2022-09-22T15:19:59 CDT" skipped="0">
  <testcase classname="rahulshettyacademy.tests.ErrorValidations" name="invalidEmail" time="14.200"/>
  <system-out/>
  <testcase classname="rahulshettyacademy.tests.ErrorValidations" name="invalidEmail" time="21.567"/>
  <system-out/>
  <testcase classname="rahulshettyacademy.tests.ErrorValidations" name="invalidEmail" time="5.558"/>
  <system-out/>
</testsuite> <!-- rahulshettyacademy.tests.ErrorValidations -->
